<?xml version="1.0" encoding="UTF-8"?>
<!-- Generated by org.testng.reporters.JUnitReportReporter -->
<testsuite name="Testng.oneTest" tests="3" time="0.064" ignored="1" failures="0" timestamp="24 May 2021 12:01:41 GMT" skipped="0" hostname="Akshay" errors="0">
  <testcase name="else3" time="0.011" classname="Testng.oneTest"/>
  <testcase name="else2" time="0.016" classname="Testng.oneTest"/>
  <testcase name="else4" time="0.037" classname="Testng.oneTest"/>
  <testcase name="else10" classname="Testng.oneTest">
    <skipped/>
  </testcase> <!-- else10 -->
</testsuite> <!-- Testng.oneTest -->
