<?xml version="1.0" encoding="UTF-8"?>
<!-- Generated by org.testng.reporters.JUnitReportReporter -->
<testsuite name="Testng2.OrangehrmTry" tests="1" time="0.048" ignored="0" failures="0" timestamp="25 May 2021 08:58:53 GMT" skipped="0" hostname="Akshay" errors="0">
  <testcase name="testcase" time="0.048" classname="Testng2.OrangehrmTry"/>
</testsuite> <!-- Testng2.OrangehrmTry -->
