<?xml version="1.0" encoding="UTF-8"?>
<!-- Generated by org.testng.reporters.JUnitReportReporter -->
<testsuite name="Testng.Twotest" tests="1" time="0.018" ignored="1" failures="0" timestamp="24 May 2021 12:01:41 GMT" skipped="0" hostname="Akshay" errors="0">
  <testcase name="else2" time="0.018" classname="Testng.Twotest"/>
  <testcase name="else10" classname="Testng.oneTest">
    <skipped/>
  </testcase> <!-- else10 -->
</testsuite> <!-- Testng.Twotest -->
