<?xml version="1.0" encoding="UTF-8"?>
<!-- Generated by org.testng.reporters.JUnitReportReporter -->
<testsuite name="Testng2.class1" tests="1" time="0.224" ignored="0" failures="0" timestamp="25 May 2021 12:10:49 GMT" skipped="0" hostname="Akshay" errors="0">
  <testcase name="m1" time="0.224" classname="Testng2.class1"/>
</testsuite> <!-- Testng2.class1 -->
