<?xml version="1.0" encoding="UTF-8"?>
<!-- Generated by org.testng.reporters.JUnitReportReporter -->
<testsuite name="Testng.testy" tests="8" time="0.131" ignored="0" failures="0" timestamp="22 May 2021 07:09:39 GMT" skipped="0" hostname="Akshay" errors="0">
  <testcase name="Homepage4" time="0.091" classname="Testng.testy"/>
  <testcase name="login" time="0.003" classname="Testng.testy"/>
  <testcase name="login" time="0.006" classname="Testng.testy"/>
  <testcase name="Homepage" time="0.006" classname="Testng.testy"/>
  <testcase name="login" time="0.008" classname="Testng.testy"/>
  <testcase name="login" time="0.003" classname="Testng.testy"/>
  <testcase name="Homepage5" time="0.003" classname="Testng.testy"/>
  <testcase name="login" time="0.011" classname="Testng.testy"/>
</testsuite> <!-- Testng.testy -->
