<?xml version="1.0" encoding="UTF-8"?>
<!-- Generated by org.testng.reporters.JUnitReportReporter -->
<testsuite name="Testng4.class2" tests="1" time="0.096" ignored="0" failures="0" timestamp="26 May 2021 06:10:21 GMT" skipped="0" hostname="Akshay" errors="0">
  <testcase name="m2" time="0.096" classname="Testng4.class2"/>
</testsuite> <!-- Testng4.class2 -->
