<?xml version="1.0" encoding="UTF-8"?>
<!-- Generated by org.testng.reporters.JUnitReportReporter -->
<testsuite name="Testng1.fristclass" tests="2" time="0.048" ignored="1" failures="0" timestamp="25 May 2021 12:22:12 GMT" skipped="0" hostname="Akshay" errors="0">
  <testcase name="m10" time="0.008" classname="Testng1.fristclass"/>
  <testcase name="m8" time="0.040" classname="Testng1.fristclass"/>
  <testcase name="akshay" classname="Testng1.fristclass">
    <skipped/>
  </testcase> <!-- akshay -->
</testsuite> <!-- Testng1.fristclass -->
