<?xml version="1.0" encoding="UTF-8"?>
<!-- Generated by org.testng.reporters.JUnitReportReporter -->
<testsuite name="Testng3.classPriority" tests="5" time="0.161" ignored="0" failures="0" timestamp="25 May 2021 09:08:11 GMT" skipped="0" hostname="Akshay" errors="0">
  <testcase name="surkar" time="0.088" classname="Testng3.classPriority"/>
  <testcase name="omkar" time="0.032" classname="Testng3.classPriority"/>
  <testcase name="pratik" time="0.015" classname="Testng3.classPriority"/>
  <testcase name="akshay" time="0.010" classname="Testng3.classPriority"/>
  <testcase name="yogesh" time="0.016" classname="Testng3.classPriority"/>
</testsuite> <!-- Testng3.classPriority -->
