<?xml version="1.0" encoding="UTF-8"?>
<!-- Generated by org.testng.reporters.JUnitReportReporter -->
<testsuite name="Testng1.scecondclass" tests="1" time="0.040" ignored="1" failures="0" timestamp="25 May 2021 12:22:12 GMT" skipped="0" hostname="Akshay" errors="0">
  <testcase name="k1" time="0.040" classname="Testng1.scecondclass"/>
  <testcase name="akshay" classname="Testng1.fristclass">
    <skipped/>
  </testcase> <!-- akshay -->
</testsuite> <!-- Testng1.scecondclass -->
